  HelloService.cpp
  Hello_constants.cpp
  Hello_types.cpp
  server.cpp
HelloService.obj : error LNK2001: 无法解析的外部符号 "public: void __cdecl apache::thrift::async::TConcurrentRecvSentry::commit(void)" (?commit@TConcurrentRecvSentry@async@thrift@apache@@QEAAXXZ)
HelloService.obj : error LNK2001: 无法解析的外部符号 "public: __cdecl apache::thrift::async::TConcurrentRecvSentry::~TConcurrentRecvSentry(void)" (??1TConcurrentRecvSentry@async@thrift@apache@@QEAA@XZ)
HelloService.obj : error LNK2001: 无法解析的外部符号 "public: __cdecl apache::thrift::async::TConcurrentRecvSentry::TConcurrentRecvSentry(class apache::thrift::async::TConcurrentClientSyncInfo *,int)" (??0TConcurrentRecvSentry@async@thrift@apache@@QEAA@PEAVTConcurrentClientSyncInfo@123@H@Z)
HelloService.obj : error LNK2001: 无法解析的外部符号 "public: void __cdecl apache::thrift::async::TConcurrentSendSentry::commit(void)" (?commit@TConcurrentSendSentry@async@thrift@apache@@QEAAXXZ)
HelloService.obj : error LNK2001: 无法解析的外部符号 "public: __cdecl apache::thrift::async::TConcurrentSendSentry::~TConcurrentSendSentry(void)" (??1TConcurrentSendSentry@async@thrift@apache@@QEAA@XZ)
HelloService.obj : error LNK2001: 无法解析的外部符号 "public: __cdecl apache::thrift::async::TConcurrentSendSentry::TConcurrentSendSentry(class apache::thrift::async::TConcurrentClientSyncInfo *)" (??0TConcurrentSendSentry@async@thrift@apache@@QEAA@PEAVTConcurrentClientSyncInfo@123@@Z)
HelloService.obj : error LNK2001: 无法解析的外部符号 "public: void __cdecl apache::thrift::async::TConcurrentClientSyncInfo::waitForWork(int)" (?waitForWork@TConcurrentClientSyncInfo@async@thrift@apache@@QEAAXH@Z)
HelloService.obj : error LNK2001: 无法解析的外部符号 "public: void __cdecl apache::thrift::async::TConcurrentClientSyncInfo::updatePending(class std::basic_string<char,struct std::char_traits<char>,class std::allocator<char> > const &,enum apache::thrift::protocol::TMessageType,int)" (?updatePending@TConcurrentClientSyncInfo@async@thrift@apache@@QEAAXAEBV?$basic_string@DU?$char_traits@D@std@@V?$allocator@D@2@@std@@W4TMessageType@protocol@34@H@Z)
HelloService.obj : error LNK2001: 无法解析的外部符号 "public: bool __cdecl apache::thrift::async::TConcurrentClientSyncInfo::getPending(class std::basic_string<char,struct std::char_traits<char>,class std::allocator<char> > &,enum apache::thrift::protocol::TMessageType &,int &)" (?getPending@TConcurrentClientSyncInfo@async@thrift@apache@@QEAA_NAEAV?$basic_string@DU?$char_traits@D@std@@V?$allocator@D@2@@std@@AEAW4TMessageType@protocol@34@AEAH@Z)
HelloService.obj : error LNK2001: 无法解析的外部符号 "public: int __cdecl apache::thrift::async::TConcurrentClientSyncInfo::generateSeqId(void)" (?generateSeqId@TConcurrentClientSyncInfo@async@thrift@apache@@QEAAHXZ)
HelloService.obj : error LNK2001: 无法解析的外部符号 "class apache::thrift::TOutput apache::thrift::GlobalOutput" (?GlobalOutput@thrift@apache@@3VTOutput@12@A)
HelloService.obj : error LNK2001: 无法解析的外部符号 "public: void __cdecl apache::thrift::TOutput::printf(char const *,...)" (?printf@TOutput@thrift@apache@@QEAAXPEBDZZ)
server.obj : error LNK2001: 无法解析的外部符号 "public: virtual unsigned int __cdecl apache::thrift::protocol::TProtocol::skip_virt(enum apache::thrift::protocol::TType)" (?skip_virt@TProtocol@protocol@thrift@apache@@UEAAIW4TType@234@@Z)
server.obj : error LNK2001: 无法解析的外部符号 "public: virtual __cdecl apache::thrift::protocol::TProtocol::~TProtocol(void)" (??1TProtocol@protocol@thrift@apache@@UEAA@XZ)
server.obj : error LNK2001: 无法解析的外部符号 "public: virtual __cdecl apache::thrift::protocol::TProtocolFactory::~TProtocolFactory(void)" (??1TProtocolFactory@protocol@thrift@apache@@UEAA@XZ)
server.obj : error LNK2001: 无法解析的外部符号 "public: virtual void __cdecl apache::thrift::server::TServerFramework::serve(void)" (?serve@TServerFramework@server@thrift@apache@@UEAAXXZ)
libthrift.lib(TServerSocket.obj) : error LNK2001: 无法解析的外部符号 "public: static class std::basic_string<char,struct std::char_traits<char>,class std::allocator<char> > __cdecl apache::thrift::TOutput::strerror_s(int)" (?strerror_s@TOutput@thrift@apache@@SA?AV?$basic_string@DU?$char_traits@D@std@@V?$allocator@D@2@@std@@H@Z)
libthrift.lib(TServerSocket.obj) : error LNK2001: 无法解析的外部符号 "public: void __cdecl apache::thrift::TOutput::perror(char const *,int)" (?perror@TOutput@thrift@apache@@QEAAXPEBDH@Z)
libthrift.lib(TSimpleServer.obj) : error LNK2001: 无法解析的外部符号 "public: virtual void __cdecl apache::thrift::server::TServerFramework::setConcurrentClientLimit(__int64)" (?setConcurrentClientLimit@TServerFramework@server@thrift@apache@@UEAAX_J@Z)
libthrift.lib(TSimpleServer.obj) : error LNK2001: 无法解析的外部符号 "public: virtual __int64 __cdecl apache::thrift::server::TServerFramework::getConcurrentClientCountHWM(void)const " (?getConcurrentClientCountHWM@TServerFramework@server@thrift@apache@@UEBA_JXZ)
libthrift.lib(TSimpleServer.obj) : error LNK2001: 无法解析的外部符号 "public: virtual __int64 __cdecl apache::thrift::server::TServerFramework::getConcurrentClientCount(void)const " (?getConcurrentClientCount@TServerFramework@server@thrift@apache@@UEBA_JXZ)
libthrift.lib(TSimpleServer.obj) : error LNK2001: 无法解析的外部符号 "public: virtual __int64 __cdecl apache::thrift::server::TServerFramework::getConcurrentClientLimit(void)const " (?getConcurrentClientLimit@TServerFramework@server@thrift@apache@@UEBA_JXZ)
libthrift.lib(TSimpleServer.obj) : error LNK2001: 无法解析的外部符号 "public: virtual void __cdecl apache::thrift::server::TServerFramework::stop(void)" (?stop@TServerFramework@server@thrift@apache@@UEAAXXZ)
libthrift.lib(TSimpleServer.obj) : error LNK2001: 无法解析的外部符号 "public: virtual __cdecl apache::thrift::server::TServerFramework::~TServerFramework(void)" (??1TServerFramework@server@thrift@apache@@UEAA@XZ)
libthrift.lib(TSimpleServer.obj) : error LNK2001: 无法解析的外部符号 "public: __cdecl apache::thrift::server::TServerFramework::TServerFramework(class boost::shared_ptr<class apache::thrift::TProcessorFactory> const &,class boost::shared_ptr<class apache::thrift::transport::TServerTransport> const &,class boost::shared_ptr<class apache::thrift::transport::TTransportFactory> const &,class boost::shared_ptr<class apache::thrift::protocol::TProtocolFactory> const &)" (??0TServerFramework@server@thrift@apache@@QEAA@AEBV?$shared_ptr@VTProcessorFactory@thrift@apache@@@boost@@AEBV?$shared_ptr@VTServerTransport@transport@thrift@apache@@@5@AEBV?$shared_ptr@VTTransportFactory@transport@thrift@apache@@@5@AEBV?$shared_ptr@VTProtocolFactory@protocol@thrift@apache@@@5@@Z)
libthrift.lib(TSimpleServer.obj) : error LNK2001: 无法解析的外部符号 "public: __cdecl apache::thrift::server::TServerFramework::TServerFramework(class boost::shared_ptr<class apache::thrift::TProcessor> const &,class boost::shared_ptr<class apache::thrift::transport::TServerTransport> const &,class boost::shared_ptr<class apache::thrift::transport::TTransportFactory> const &,class boost::shared_ptr<class apache::thrift::protocol::TProtocolFactory> const &)" (??0TServerFramework@server@thrift@apache@@QEAA@AEBV?$shared_ptr@VTProcessor@thrift@apache@@@boost@@AEBV?$shared_ptr@VTServerTransport@transport@thrift@apache@@@5@AEBV?$shared_ptr@VTTransportFactory@transport@thrift@apache@@@5@AEBV?$shared_ptr@VTProtocolFactory@protocol@thrift@apache@@@5@@Z)
libthrift.lib(TSimpleServer.obj) : error LNK2001: 无法解析的外部符号 "public: __cdecl apache::thrift::server::TServerFramework::TServerFramework(class boost::shared_ptr<class apache::thrift::TProcessorFactory> const &,class boost::shared_ptr<class apache::thrift::transport::TServerTransport> const &,class boost::shared_ptr<class apache::thrift::transport::TTransportFactory> const &,class boost::shared_ptr<class apache::thrift::transport::TTransportFactory> const &,class boost::shared_ptr<class apache::thrift::protocol::TProtocolFactory> const &,class boost::shared_ptr<class apache::thrift::protocol::TProtocolFactory> const &)" (??0TServerFramework@server@thrift@apache@@QEAA@AEBV?$shared_ptr@VTProcessorFactory@thrift@apache@@@boost@@AEBV?$shared_ptr@VTServerTransport@transport@thrift@apache@@@5@AEBV?$shared_ptr@VTTransportFactory@transport@thrift@apache@@@5@2AEBV?$shared_ptr@VTProtocolFactory@protocol@thrift@apache@@@5@3@Z)
libthrift.lib(TSimpleServer.obj) : error LNK2001: 无法解析的外部符号 "public: __cdecl apache::thrift::server::TServerFramework::TServerFramework(class boost::shared_ptr<class apache::thrift::TProcessor> const &,class boost::shared_ptr<class apache::thrift::transport::TServerTransport> const &,class boost::shared_ptr<class apache::thrift::transport::TTransportFactory> const &,class boost::shared_ptr<class apache::thrift::transport::TTransportFactory> const &,class boost::shared_ptr<class apache::thrift::protocol::TProtocolFactory> const &,class boost::shared_ptr<class apache::thrift::protocol::TProtocolFactory> const &)" (??0TServerFramework@server@thrift@apache@@QEAA@AEBV?$shared_ptr@VTProcessor@thrift@apache@@@boost@@AEBV?$shared_ptr@VTServerTransport@transport@thrift@apache@@@5@AEBV?$shared_ptr@VTTransportFactory@transport@thrift@apache@@@5@2AEBV?$shared_ptr@VTProtocolFactory@protocol@thrift@apache@@@5@3@Z)
F:\Code\thrift_hello\x64\Release\thrift_hello_server.exe : fatal error LNK1120: 28 个无法解析的外部命令
